2019-01-17 21:23:19 [-][-][-][error][yii\db\Exception] PDOException: SQLSTATE[HY000] [1049] Unknown database 'insigne' in W:\domains\Insigne\yii-application\vendor\yiisoft\yii2\db\Connection.php:687
Stack trace:
#0 W:\domains\Insigne\yii-application\vendor\yiisoft\yii2\db\Connection.php(687): PDO->__construct('mysql:host=loca...', 'root', '', NULL)
#1 W:\domains\Insigne\yii-application\vendor\yiisoft\yii2\db\Connection.php(613): yii\db\Connection->createPdoInstance()
#2 W:\domains\Insigne\yii-application\vendor\yiisoft\yii2\db\Connection.php(996): yii\db\Connection->open()
#3 W:\domains\Insigne\yii-application\vendor\yiisoft\yii2\db\Connection.php(983): yii\db\Connection->getMasterPdo()
#4 W:\domains\Insigne\yii-application\vendor\yiisoft\yii2\db\Command.php(253): yii\db\Connection->getSlavePdo()
#5 W:\domains\Insigne\yii-application\vendor\yiisoft\yii2\db\Command.php(1143): yii\db\Command->prepare(true)
#6 W:\domains\Insigne\yii-application\vendor\yiisoft\yii2\db\Command.php(399): yii\db\Command->queryInternal('fetchAll', NULL)
#7 W:\domains\Insigne\yii-application\vendor\yiisoft\yii2\db\mysql\Schema.php(312): yii\db\Command->queryAll()
#8 W:\domains\Insigne\yii-application\vendor\yiisoft\yii2\db\mysql\Schema.php(125): yii\db\mysql\Schema->findColumns(Object(yii\db\TableSchema))
#9 W:\domains\Insigne\yii-application\vendor\yiisoft\yii2\db\Schema.php(744): yii\db\mysql\Schema->loadTableSchema('migration')
#10 W:\domains\Insigne\yii-application\vendor\yiisoft\yii2\db\Schema.php(194): yii\db\Schema->getTableMetadata('{{%migration}}', 'schema', true)
#11 W:\domains\Insigne\yii-application\vendor\yiisoft\yii2\console\controllers\MigrateController.php(340): yii\db\Schema->getTableSchema('{{%migration}}', true)
#12 W:\domains\Insigne\yii-application\vendor\yiisoft\yii2\console\controllers\BaseMigrateController.php(631): yii\console\controllers\MigrateController->getMigrationNameLimit()
#13 [internal function]: yii\console\controllers\BaseMigrateController->actionCreate('users')
#14 W:\domains\Insigne\yii-application\vendor\yiisoft\yii2\base\InlineAction.php(57): call_user_func_array(Array, Array)
#15 W:\domains\Insigne\yii-application\vendor\yiisoft\yii2\base\Controller.php(157): yii\base\InlineAction->runWithParams(Array)
#16 W:\domains\Insigne\yii-application\vendor\yiisoft\yii2\console\Controller.php(148): yii\base\Controller->runAction('create', Array)
#17 W:\domains\Insigne\yii-application\vendor\yiisoft\yii2\base\Module.php(528): yii\console\Controller->runAction('create', Array)
#18 W:\domains\Insigne\yii-application\vendor\yiisoft\yii2\console\Application.php(180): yii\base\Module->runAction('migrate/create', Array)
#19 W:\domains\Insigne\yii-application\vendor\yiisoft\yii2\console\Application.php(147): yii\console\Application->runAction('migrate/create', Array)
#20 W:\domains\Insigne\yii-application\vendor\yiisoft\yii2\base\Application.php(386): yii\console\Application->handleRequest(Object(yii\console\Request))
#21 W:\domains\Insigne\yii-application\yii(23): yii\base\Application->run()
#22 {main}

Next yii\db\Exception: SQLSTATE[HY000] [1049] Unknown database 'insigne' in W:\domains\Insigne\yii-application\vendor\yiisoft\yii2\db\Connection.php:624
Stack trace:
#0 W:\domains\Insigne\yii-application\vendor\yiisoft\yii2\db\Connection.php(996): yii\db\Connection->open()
#1 W:\domains\Insigne\yii-application\vendor\yiisoft\yii2\db\Connection.php(983): yii\db\Connection->getMasterPdo()
#2 W:\domains\Insigne\yii-application\vendor\yiisoft\yii2\db\Command.php(253): yii\db\Connection->getSlavePdo()
#3 W:\domains\Insigne\yii-application\vendor\yiisoft\yii2\db\Command.php(1143): yii\db\Command->prepare(true)
#4 W:\domains\Insigne\yii-application\vendor\yiisoft\yii2\db\Command.php(399): yii\db\Command->queryInternal('fetchAll', NULL)
#5 W:\domains\Insigne\yii-application\vendor\yiisoft\yii2\db\mysql\Schema.php(312): yii\db\Command->queryAll()
#6 W:\domains\Insigne\yii-application\vendor\yiisoft\yii2\db\mysql\Schema.php(125): yii\db\mysql\Schema->findColumns(Object(yii\db\TableSchema))
#7 W:\domains\Insigne\yii-application\vendor\yiisoft\yii2\db\Schema.php(744): yii\db\mysql\Schema->loadTableSchema('migration')
#8 W:\domains\Insigne\yii-application\vendor\yiisoft\yii2\db\Schema.php(194): yii\db\Schema->getTableMetadata('{{%migration}}', 'schema', true)
#9 W:\domains\Insigne\yii-application\vendor\yiisoft\yii2\console\controllers\MigrateController.php(340): yii\db\Schema->getTableSchema('{{%migration}}', true)
#10 W:\domains\Insigne\yii-application\vendor\yiisoft\yii2\console\controllers\BaseMigrateController.php(631): yii\console\controllers\MigrateController->getMigrationNameLimit()
#11 [internal function]: yii\console\controllers\BaseMigrateController->actionCreate('users')
#12 W:\domains\Insigne\yii-application\vendor\yiisoft\yii2\base\InlineAction.php(57): call_user_func_array(Array, Array)
#13 W:\domains\Insigne\yii-application\vendor\yiisoft\yii2\base\Controller.php(157): yii\base\InlineAction->runWithParams(Array)
#14 W:\domains\Insigne\yii-application\vendor\yiisoft\yii2\console\Controller.php(148): yii\base\Controller->runAction('create', Array)
#15 W:\domains\Insigne\yii-application\vendor\yiisoft\yii2\base\Module.php(528): yii\console\Controller->runAction('create', Array)
#16 W:\domains\Insigne\yii-application\vendor\yiisoft\yii2\console\Application.php(180): yii\base\Module->runAction('migrate/create', Array)
#17 W:\domains\Insigne\yii-application\vendor\yiisoft\yii2\console\Application.php(147): yii\console\Application->runAction('migrate/create', Array)
#18 W:\domains\Insigne\yii-application\vendor\yiisoft\yii2\base\Application.php(386): yii\console\Application->handleRequest(Object(yii\console\Request))
#19 W:\domains\Insigne\yii-application\yii(23): yii\base\Application->run()
#20 {main}
Additional Information:

2019-01-17 21:23:19 [-][-][-][info][application] $_GET = []

$_POST = []

$_FILES = []

$_COOKIE = []

$_SERVER = [
    'ALLUSERSPROFILE' => 'C:\\ProgramData'
    'ANSICON' => '239x1000 (239x30)'
    'ANSICON_DEF' => '7'
    'APPDATA' => 'C:\\Users\\triest\\AppData\\Roaming'
    'ChocolateyInstall' => 'C:\\ProgramData\\chocolatey'
    'ChocolateyLastPathUpdate' => 'Вт янв 10 21:12:40 2017'
    'CommonProgramFiles' => 'C:\\Program Files\\Common Files'
    'CommonProgramFiles(x86)' => 'C:\\Program Files (x86)\\Common Files'
    'CommonProgramW6432' => 'C:\\Program Files\\Common Files'
    'COMPUTERNAME' => 'MACHINE-VOIV7EH'
    'ComSpec' => 'C:\\Windows\\system32\\cmd.exe'
    'ConEmuANSI' => 'ON'
    'ConEmuAnsiLog' => ''
    'ConEmuArgs' => '/Single'
    'ConEmuArgs2' => ''
    'ConEmuBackHWND' => '0x00021278'
    'ConEmuBaseDir' => 'E:\\документы\\программы\\openserwer\\open server 5.2.9\\ospanel\\modules\\conemu\\ConEmu'
    'ConEmuBuild' => '161206'
    'ConEmuConfig' => ''
    'ConEmuDir' => 'E:\\документы\\программы\\openserwer\\open server 5.2.9\\ospanel\\modules\\conemu'
    'ConEmuDrawHWND' => '0x00091170'
    'ConEmuDrive' => 'E:'
    'ConEmuHooks' => 'Enabled'
    'ConEmuHWND' => '0x0006112C'
    'ConEmuPalette' => '<ConEmu>'
    'ConEmuPID' => '10492'
    'ConEmuServerPID' => '11600'
    'ConEmuWorkDir' => 'w:\\'
    'ConEmuWorkDrive' => 'w:'
    'CUBRID' => 'E:\\CUBRID\\'
    'CUBRID_DATABASES' => 'E:\\CUBRID\\databases'
    'DART_SDK' => 'E:\\Program Files\\Dart\\dart-sdk'
    'ESET_OPTIONS' => '                                                                                                                                                                                                                                                                                                                                                                                                                                                                                                                               '
    'FPS_BROWSER_APP_PROFILE_STRING' => 'Internet Explorer'
    'FPS_BROWSER_USER_PROFILE_STRING' => 'Default'
    'FSHARPINSTALLDIR' => 'C:\\Program Files (x86)\\Microsoft SDKs\\F#\\4.1\\Framework\\v4.0\\'
    'HOME' => 'w:\\'
    'HOMEDRIVE' => 'w:'
    'HOMEPATH' => '\\'
    'LOCALAPPDATA' => 'C:\\Users\\triest\\AppData\\Local'
    'LOGONSERVER' => '\\\\MACHINE-VOIV7EH'
    'MAGICK_CODER_FILTER_PATH' => 'w:\\modules\\imagemagick\\modules\\filters'
    'MAGICK_CODER_MODULE_PATH' => 'w:\\modules\\imagemagick\\modules\\coders'
    'MAGICK_CONFIGURE_PATH' => 'w:\\modules\\imagemagick'
    'MAGICK_HOME' => 'w:\\modules\\imagemagick'
    'MAGICK_TEMPORARY_PATH' => 'w:\\userdata\\temp'
    'MEmuHyperv_Path' => 'E:\\Program Files\\memu2\\MEmuHyperv'
    'MEmu_Path' => 'E:\\Program Files\\memu2'
    'MSMPI_BIN' => 'C:\\Program Files\\Microsoft MPI\\Bin\\'
    'NUMBER_OF_PROCESSORS' => '4'
    'OPENSSL_CONF' => 'w:\\modules\\http\\Apache-PHP-7-x64\\conf\\openssl.cnf'
    'OS' => 'Windows_NT'
    'Path' => 'E:\\документы\\программы\\openserwer\\open server 5.2.9\\ospanel\\modules\\conemu\\ConEmu\\Scripts;E:\\документы\\программы\\openserwer\\open server 5.2.9\\ospanel\\modules\\conemu;E:\\документы\\программы\\openserwer\\open server 5.2.9\\ospanel\\modules\\conemu\\ConEmu;w:\\modules\\php\\PHP-7.2-x64\\ext;w:\\modules\\php\\PHP-7.2-x64\\pear;w:\\modules\\php\\PHP-7.2-x64\\pear\\bin;w:\\modules\\php\\PHP-7.2-x64;w:\\modules\\imagemagick;w:\\modules\\wget\\bin;w:\\modules\\git;w:\\modules\\git\\bin;w:\\modules\\git\\mingw\\bin;w:\\modules\\git\\cmd;w:\\modules\\database\\MySQL-5.6\\bin;w:\\modules\\http\\Apache-PHP-7-x64\\bin;w:\\modules\\http\\Apache-PHP-7-x64;C:\\Windows\\system32;C:\\Windows;C:\\Windows\\system32\\Wbem;C:\\Windows\\SysWOW64'
    'PATHEXT' => '.COM;.EXE;.BAT;.CMD;.VBS;.VBE;.JS;.JSE;.WSF;.WSH;.MSC'
    'PHPBIN' => 'w:\\modules\\php\\PHP-7.2-x64\\php.exe'
    'PHPDIR' => 'w:\\modules\\php\\PHP-7.2-x64\\'
    'PHPRC' => 'w:\\modules\\php\\PHP-7.2-x64'
    'PHP_BIN' => 'w:\\modules\\php\\PHP-7.2-x64\\php.exe'
    'PHP_BINARY' => 'w:\\modules\\php\\PHP-7.2-x64\\php.exe'
    'PHP_BINDIR' => 'w:\\modules\\php\\PHP-7.2-x64\\'
    'PHP_COMMAND' => 'php.exe'
    'PHP_DIR' => 'w:\\modules\\php\\PHP-7.2-x64\\'
    'PHP_FCGI_MAX_REQUESTS' => '0'
    'PHP_INI' => 'w:\\modules\\php\\PHP-7.2-x64\\php.ini'
    'PHP_PEAR_BIN_DIR' => 'w:\\modules\\php\\PHP-7.2-x64\\PEAR'
    'PHP_PEAR_DATA_DIR' => 'w:\\modules\\php\\PHP-7.2-x64\\PEAR\\data'
    'PHP_PEAR_DOC_DIR' => 'w:\\modules\\php\\PHP-7.2-x64\\PEAR\\docs'
    'PHP_PEAR_INSTALL_DIR' => 'w:\\modules\\php\\PHP-7.2-x64\\PEAR\\pear'
    'PHP_PEAR_PHP_BIN' => 'w:\\modules\\php\\PHP-7.2-x64\\php.exe'
    'PHP_PEAR_SYSCONF_DIR' => 'w:\\modules\\php\\PHP-7.2-x64\\PEAR'
    'PHP_PEAR_TEST_DIR' => 'w:\\modules\\php\\PHP-7.2-x64\\PEAR\\tests'
    'PLINK_PROTOCOL' => 'ssh'
    'PROCESSOR_ARCHITECTURE' => 'AMD64'
    'PROCESSOR_IDENTIFIER' => 'Intel64 Family 6 Model 94 Stepping 3, GenuineIntel'
    'PROCESSOR_LEVEL' => '6'
    'PROCESSOR_REVISION' => '5e03'
    'ProgramData' => 'C:\\ProgramData'
    'ProgramFiles' => 'C:\\Program Files'
    'ProgramFiles(x86)' => 'C:\\Program Files (x86)'
    'ProgramW6432' => 'C:\\Program Files'
    'PROMPT' => '$P$G'
    'PSModulePath' => 'C:\\Program Files\\WindowsPowerShell\\Modules;C:\\Windows\\system32\\WindowsPowerShell\\v1.0\\Modules;E:\\Program Files (x86)\\Microsoft SQL Server\\120\\Tools\\PowerShell\\Modules\\;E:\\Program Files (x86)\\Microsoft SQL Server\\130\\Tools\\PowerShell\\Modules\\'
    'PUBLIC' => 'C:\\Users\\Public'
    'SESSIONNAME' => 'Console'
    'SystemDrive' => 'C:'
    'SystemRoot' => 'C:\\Windows'
    'TEMP' => 'e:\\документы\\программы\\openserwer\\open server 5.2.9\\ospanel\\userdata\\temp'
    'TERM' => 'msys'
    'TMP' => 'e:\\документы\\программы\\openserwer\\open server 5.2.9\\ospanel\\userdata\\temp'
    'USERDOMAIN' => 'MACHINE-VOIV7EH'
    'USERDOMAIN_ROAMINGPROFILE' => 'MACHINE-VOIV7EH'
    'USERNAME' => 'triest'
    'USERPROFILE' => 'C:\\Users\\triest'
    'VBOX_MSI_INSTALL_PATH' => 'E:\\VirtualBox\\'
    'VS100COMNTOOLS' => 'e:\\Program Files (x86)\\VisualStudio2010\\Common7\\Tools\\'
    'VS140COMNTOOLS' => 'E:\\Program Files (x86)\\visual studio\\Common7\\Tools\\'
    'VSSDK140Install' => 'E:\\Program Files (x86)\\visual studio\\VSSDK\\'
    'windir' => 'C:\\Windows'
    'YII_PATH' => 'w:\\domains\\Insigne\\yii-application\\'
    'PHP_SELF' => 'w:\\domains\\Insigne\\yii-application\\yii'
    'SCRIPT_NAME' => 'w:\\domains\\Insigne\\yii-application\\yii'
    'SCRIPT_FILENAME' => 'w:\\domains\\Insigne\\yii-application\\yii'
    'PATH_TRANSLATED' => 'w:\\domains\\Insigne\\yii-application\\yii'
    'DOCUMENT_ROOT' => ''
    'REQUEST_TIME_FLOAT' => 1547749399.0534
    'REQUEST_TIME' => 1547749399
    'argv' => [
        0 => 'w:\\domains\\Insigne\\yii-application\\yii'
        1 => 'migrate/create'
        2 => 'users'
    ]
    'argc' => 3
]
2019-01-19 23:39:25 [-][-][-][error][ParseError] ParseError: syntax error, unexpected 'class' (T_CLASS) in W:\domains\Insigne\yii-application\console\migrations\m190119_202823_user_subscription.php:8
Stack trace:
#0 W:\domains\Insigne\yii-application\vendor\yiisoft\yii2\console\controllers\MigrateController.php(196): yii\console\controllers\BaseMigrateController->includeMigrationFile('m190119_202823_...')
#1 W:\domains\Insigne\yii-application\vendor\yiisoft\yii2\console\controllers\BaseMigrateController.php(724): yii\console\controllers\MigrateController->createMigration('m190119_202823_...')
#2 W:\domains\Insigne\yii-application\vendor\yiisoft\yii2\console\controllers\BaseMigrateController.php(199): yii\console\controllers\BaseMigrateController->migrateUp('m190119_202823_...')
#3 [internal function]: yii\console\controllers\BaseMigrateController->actionUp(0)
#4 W:\domains\Insigne\yii-application\vendor\yiisoft\yii2\base\InlineAction.php(57): call_user_func_array(Array, Array)
#5 W:\domains\Insigne\yii-application\vendor\yiisoft\yii2\base\Controller.php(157): yii\base\InlineAction->runWithParams(Array)
#6 W:\domains\Insigne\yii-application\vendor\yiisoft\yii2\console\Controller.php(148): yii\base\Controller->runAction('', Array)
#7 W:\domains\Insigne\yii-application\vendor\yiisoft\yii2\base\Module.php(528): yii\console\Controller->runAction('', Array)
#8 W:\domains\Insigne\yii-application\vendor\yiisoft\yii2\console\Application.php(180): yii\base\Module->runAction('migrate', Array)
#9 W:\domains\Insigne\yii-application\vendor\yiisoft\yii2\console\Application.php(147): yii\console\Application->runAction('migrate', Array)
#10 W:\domains\Insigne\yii-application\vendor\yiisoft\yii2\base\Application.php(386): yii\console\Application->handleRequest(Object(yii\console\Request))
#11 W:\domains\Insigne\yii-application\yii(23): yii\base\Application->run()
#12 {main}
2019-01-19 23:39:23 [-][-][-][info][application] $_GET = []

$_POST = []

$_FILES = []

$_COOKIE = []

$_SERVER = [
    'ALLUSERSPROFILE' => 'C:\\ProgramData'
    'ANSICON' => '239x1000 (239x30)'
    'ANSICON_DEF' => '7'
    'APPDATA' => 'C:\\Users\\triest\\AppData\\Roaming'
    'ChocolateyInstall' => 'C:\\ProgramData\\chocolatey'
    'ChocolateyLastPathUpdate' => 'Вт янв 10 21:12:40 2017'
    'CommonProgramFiles' => 'C:\\Program Files\\Common Files'
    'CommonProgramFiles(x86)' => 'C:\\Program Files (x86)\\Common Files'
    'CommonProgramW6432' => 'C:\\Program Files\\Common Files'
    'COMPUTERNAME' => 'MACHINE-VOIV7EH'
    'ComSpec' => 'C:\\Windows\\system32\\cmd.exe'
    'ConEmuANSI' => 'ON'
    'ConEmuAnsiLog' => ''
    'ConEmuArgs' => '/Single'
    'ConEmuArgs2' => ''
    'ConEmuBackHWND' => '0x000316E0'
    'ConEmuBaseDir' => 'E:\\документы\\программы\\openserwer\\open server 5.2.9\\ospanel\\modules\\conemu\\ConEmu'
    'ConEmuBuild' => '161206'
    'ConEmuConfig' => ''
    'ConEmuDir' => 'E:\\документы\\программы\\openserwer\\open server 5.2.9\\ospanel\\modules\\conemu'
    'ConEmuDrawHWND' => '0x000216C2'
    'ConEmuDrive' => 'E:'
    'ConEmuHooks' => 'Enabled'
    'ConEmuHWND' => '0x00061698'
    'ConEmuPalette' => '<ConEmu>'
    'ConEmuPID' => '4340'
    'ConEmuServerPID' => '1736'
    'ConEmuWorkDir' => 'w:\\'
    'ConEmuWorkDrive' => 'w:'
    'CUBRID' => 'E:\\CUBRID\\'
    'CUBRID_DATABASES' => 'E:\\CUBRID\\databases'
    'DART_SDK' => 'E:\\Program Files\\Dart\\dart-sdk'
    'ESET_OPTIONS' => '                                                                                                                                                                                                                                                                                                                                                                                                                                                                                                                               '
    'FPS_BROWSER_APP_PROFILE_STRING' => 'Internet Explorer'
    'FPS_BROWSER_USER_PROFILE_STRING' => 'Default'
    'FSHARPINSTALLDIR' => 'C:\\Program Files (x86)\\Microsoft SDKs\\F#\\4.1\\Framework\\v4.0\\'
    'HOME' => 'w:\\'
    'HOMEDRIVE' => 'w:'
    'HOMEPATH' => '\\'
    'LOCALAPPDATA' => 'C:\\Users\\triest\\AppData\\Local'
    'LOGONSERVER' => '\\\\MACHINE-VOIV7EH'
    'MAGICK_CODER_FILTER_PATH' => 'w:\\modules\\imagemagick\\modules\\filters'
    'MAGICK_CODER_MODULE_PATH' => 'w:\\modules\\imagemagick\\modules\\coders'
    'MAGICK_CONFIGURE_PATH' => 'w:\\modules\\imagemagick'
    'MAGICK_HOME' => 'w:\\modules\\imagemagick'
    'MAGICK_TEMPORARY_PATH' => 'w:\\userdata\\temp'
    'MEmuHyperv_Path' => 'E:\\Program Files\\memu2\\MEmuHyperv'
    'MEmu_Path' => 'E:\\Program Files\\memu2'
    'MSMPI_BIN' => 'C:\\Program Files\\Microsoft MPI\\Bin\\'
    'NUMBER_OF_PROCESSORS' => '4'
    'OPENSSL_CONF' => 'w:\\modules\\http\\Apache-PHP-7-x64\\conf\\openssl.cnf'
    'OS' => 'Windows_NT'
    'Path' => 'E:\\документы\\программы\\openserwer\\open server 5.2.9\\ospanel\\modules\\conemu\\ConEmu\\Scripts;E:\\документы\\программы\\openserwer\\open server 5.2.9\\ospanel\\modules\\conemu;E:\\документы\\программы\\openserwer\\open server 5.2.9\\ospanel\\modules\\conemu\\ConEmu;w:\\modules\\php\\PHP-7.2-x64\\ext;w:\\modules\\php\\PHP-7.2-x64\\pear;w:\\modules\\php\\PHP-7.2-x64\\pear\\bin;w:\\modules\\php\\PHP-7.2-x64;w:\\modules\\imagemagick;w:\\modules\\wget\\bin;w:\\modules\\git;w:\\modules\\git\\bin;w:\\modules\\git\\mingw\\bin;w:\\modules\\git\\cmd;w:\\modules\\database\\MySQL-5.6\\bin;w:\\modules\\http\\Apache-PHP-7-x64\\bin;w:\\modules\\http\\Apache-PHP-7-x64;C:\\Windows\\system32;C:\\Windows;C:\\Windows\\system32\\Wbem;C:\\Windows\\SysWOW64'
    'PATHEXT' => '.COM;.EXE;.BAT;.CMD;.VBS;.VBE;.JS;.JSE;.WSF;.WSH;.MSC'
    'PHPBIN' => 'w:\\modules\\php\\PHP-7.2-x64\\php.exe'
    'PHPDIR' => 'w:\\modules\\php\\PHP-7.2-x64\\'
    'PHPRC' => 'w:\\modules\\php\\PHP-7.2-x64'
    'PHP_BIN' => 'w:\\modules\\php\\PHP-7.2-x64\\php.exe'
    'PHP_BINARY' => 'w:\\modules\\php\\PHP-7.2-x64\\php.exe'
    'PHP_BINDIR' => 'w:\\modules\\php\\PHP-7.2-x64\\'
    'PHP_COMMAND' => 'php.exe'
    'PHP_DIR' => 'w:\\modules\\php\\PHP-7.2-x64\\'
    'PHP_FCGI_MAX_REQUESTS' => '0'
    'PHP_INI' => 'w:\\modules\\php\\PHP-7.2-x64\\php.ini'
    'PHP_PEAR_BIN_DIR' => 'w:\\modules\\php\\PHP-7.2-x64\\PEAR'
    'PHP_PEAR_DATA_DIR' => 'w:\\modules\\php\\PHP-7.2-x64\\PEAR\\data'
    'PHP_PEAR_DOC_DIR' => 'w:\\modules\\php\\PHP-7.2-x64\\PEAR\\docs'
    'PHP_PEAR_INSTALL_DIR' => 'w:\\modules\\php\\PHP-7.2-x64\\PEAR\\pear'
    'PHP_PEAR_PHP_BIN' => 'w:\\modules\\php\\PHP-7.2-x64\\php.exe'
    'PHP_PEAR_SYSCONF_DIR' => 'w:\\modules\\php\\PHP-7.2-x64\\PEAR'
    'PHP_PEAR_TEST_DIR' => 'w:\\modules\\php\\PHP-7.2-x64\\PEAR\\tests'
    'PLINK_PROTOCOL' => 'ssh'
    'PROCESSOR_ARCHITECTURE' => 'AMD64'
    'PROCESSOR_IDENTIFIER' => 'Intel64 Family 6 Model 94 Stepping 3, GenuineIntel'
    'PROCESSOR_LEVEL' => '6'
    'PROCESSOR_REVISION' => '5e03'
    'ProgramData' => 'C:\\ProgramData'
    'ProgramFiles' => 'C:\\Program Files'
    'ProgramFiles(x86)' => 'C:\\Program Files (x86)'
    'ProgramW6432' => 'C:\\Program Files'
    'PROMPT' => '$P$G'
    'PSModulePath' => 'C:\\Program Files\\WindowsPowerShell\\Modules;C:\\Windows\\system32\\WindowsPowerShell\\v1.0\\Modules;E:\\Program Files (x86)\\Microsoft SQL Server\\120\\Tools\\PowerShell\\Modules\\;E:\\Program Files (x86)\\Microsoft SQL Server\\130\\Tools\\PowerShell\\Modules\\'
    'PUBLIC' => 'C:\\Users\\Public'
    'SESSIONNAME' => 'Console'
    'SystemDrive' => 'C:'
    'SystemRoot' => 'C:\\Windows'
    'TEMP' => 'e:\\документы\\программы\\openserwer\\open server 5.2.9\\ospanel\\userdata\\temp'
    'TERM' => 'msys'
    'TMP' => 'e:\\документы\\программы\\openserwer\\open server 5.2.9\\ospanel\\userdata\\temp'
    'USERDOMAIN' => 'MACHINE-VOIV7EH'
    'USERDOMAIN_ROAMINGPROFILE' => 'MACHINE-VOIV7EH'
    'USERNAME' => 'triest'
    'USERPROFILE' => 'C:\\Users\\triest'
    'VBOX_MSI_INSTALL_PATH' => 'E:\\VirtualBox\\'
    'VS100COMNTOOLS' => 'e:\\Program Files (x86)\\VisualStudio2010\\Common7\\Tools\\'
    'VS140COMNTOOLS' => 'E:\\Program Files (x86)\\visual studio\\Common7\\Tools\\'
    'VSSDK140Install' => 'E:\\Program Files (x86)\\visual studio\\VSSDK\\'
    'windir' => 'C:\\Windows'
    'YII_PATH' => 'w:\\domains\\Insigne\\yii-application\\'
    'PHP_SELF' => 'w:\\domains\\Insigne\\yii-application\\yii'
    'SCRIPT_NAME' => 'w:\\domains\\Insigne\\yii-application\\yii'
    'SCRIPT_FILENAME' => 'w:\\domains\\Insigne\\yii-application\\yii'
    'PATH_TRANSLATED' => 'w:\\domains\\Insigne\\yii-application\\yii'
    'DOCUMENT_ROOT' => ''
    'REQUEST_TIME_FLOAT' => 1547930363.4954
    'REQUEST_TIME' => 1547930363
    'argv' => [
        0 => 'w:\\domains\\Insigne\\yii-application\\yii'
        1 => 'migrate'
    ]
    'argc' => 2
]
2019-01-20 00:46:13 [-][-][-][error][yii\console\Exception] yii\console\Exception: The migration name should contain letters, digits, underscore and/or backslash characters only. in W:\domains\Insigne\yii-application\vendor\yiisoft\yii2\console\controllers\BaseMigrateController.php:626
Stack trace:
#0 [internal function]: yii\console\controllers\BaseMigrateController->actionCreate('add_date_end_su...')
#1 W:\domains\Insigne\yii-application\vendor\yiisoft\yii2\base\InlineAction.php(57): call_user_func_array(Array, Array)
#2 W:\domains\Insigne\yii-application\vendor\yiisoft\yii2\base\Controller.php(157): yii\base\InlineAction->runWithParams(Array)
#3 W:\domains\Insigne\yii-application\vendor\yiisoft\yii2\console\Controller.php(148): yii\base\Controller->runAction('create', Array)
#4 W:\domains\Insigne\yii-application\vendor\yiisoft\yii2\base\Module.php(528): yii\console\Controller->runAction('create', Array)
#5 W:\domains\Insigne\yii-application\vendor\yiisoft\yii2\console\Application.php(180): yii\base\Module->runAction('migrate/create', Array)
#6 W:\domains\Insigne\yii-application\vendor\yiisoft\yii2\console\Application.php(147): yii\console\Application->runAction('migrate/create', Array)
#7 W:\domains\Insigne\yii-application\vendor\yiisoft\yii2\base\Application.php(386): yii\console\Application->handleRequest(Object(yii\console\Request))
#8 W:\domains\Insigne\yii-application\yii(23): yii\base\Application->run()
#9 {main}
2019-01-20 00:46:12 [-][-][-][info][application] $_GET = []

$_POST = []

$_FILES = []

$_COOKIE = []

$_SERVER = [
    'ALLUSERSPROFILE' => 'C:\\ProgramData'
    'ANSICON' => '239x1000 (239x30)'
    'ANSICON_DEF' => '7'
    'APPDATA' => 'C:\\Users\\triest\\AppData\\Roaming'
    'ChocolateyInstall' => 'C:\\ProgramData\\chocolatey'
    'ChocolateyLastPathUpdate' => 'Вт янв 10 21:12:40 2017'
    'CommonProgramFiles' => 'C:\\Program Files\\Common Files'
    'CommonProgramFiles(x86)' => 'C:\\Program Files (x86)\\Common Files'
    'CommonProgramW6432' => 'C:\\Program Files\\Common Files'
    'COMPUTERNAME' => 'MACHINE-VOIV7EH'
    'ComSpec' => 'C:\\Windows\\system32\\cmd.exe'
    'ConEmuANSI' => 'ON'
    'ConEmuAnsiLog' => ''
    'ConEmuArgs' => '/Single'
    'ConEmuArgs2' => ''
    'ConEmuBackHWND' => '0x000316E0'
    'ConEmuBaseDir' => 'E:\\документы\\программы\\openserwer\\open server 5.2.9\\ospanel\\modules\\conemu\\ConEmu'
    'ConEmuBuild' => '161206'
    'ConEmuConfig' => ''
    'ConEmuDir' => 'E:\\документы\\программы\\openserwer\\open server 5.2.9\\ospanel\\modules\\conemu'
    'ConEmuDrawHWND' => '0x000216C2'
    'ConEmuDrive' => 'E:'
    'ConEmuHooks' => 'Enabled'
    'ConEmuHWND' => '0x00061698'
    'ConEmuPalette' => '<ConEmu>'
    'ConEmuPID' => '4340'
    'ConEmuServerPID' => '1736'
    'ConEmuWorkDir' => 'w:\\'
    'ConEmuWorkDrive' => 'w:'
    'CUBRID' => 'E:\\CUBRID\\'
    'CUBRID_DATABASES' => 'E:\\CUBRID\\databases'
    'DART_SDK' => 'E:\\Program Files\\Dart\\dart-sdk'
    'ESET_OPTIONS' => '                                                                                                                                                                                                                                                                                                                                                                                                                                                                                                                               '
    'FPS_BROWSER_APP_PROFILE_STRING' => 'Internet Explorer'
    'FPS_BROWSER_USER_PROFILE_STRING' => 'Default'
    'FSHARPINSTALLDIR' => 'C:\\Program Files (x86)\\Microsoft SDKs\\F#\\4.1\\Framework\\v4.0\\'
    'HOME' => 'w:\\'
    'HOMEDRIVE' => 'w:'
    'HOMEPATH' => '\\'
    'LOCALAPPDATA' => 'C:\\Users\\triest\\AppData\\Local'
    'LOGONSERVER' => '\\\\MACHINE-VOIV7EH'
    'MAGICK_CODER_FILTER_PATH' => 'w:\\modules\\imagemagick\\modules\\filters'
    'MAGICK_CODER_MODULE_PATH' => 'w:\\modules\\imagemagick\\modules\\coders'
    'MAGICK_CONFIGURE_PATH' => 'w:\\modules\\imagemagick'
    'MAGICK_HOME' => 'w:\\modules\\imagemagick'
    'MAGICK_TEMPORARY_PATH' => 'w:\\userdata\\temp'
    'MEmuHyperv_Path' => 'E:\\Program Files\\memu2\\MEmuHyperv'
    'MEmu_Path' => 'E:\\Program Files\\memu2'
    'MSMPI_BIN' => 'C:\\Program Files\\Microsoft MPI\\Bin\\'
    'NUMBER_OF_PROCESSORS' => '4'
    'OPENSSL_CONF' => 'w:\\modules\\http\\Apache-PHP-7-x64\\conf\\openssl.cnf'
    'OS' => 'Windows_NT'
    'Path' => 'E:\\документы\\программы\\openserwer\\open server 5.2.9\\ospanel\\modules\\conemu\\ConEmu\\Scripts;E:\\документы\\программы\\openserwer\\open server 5.2.9\\ospanel\\modules\\conemu;E:\\документы\\программы\\openserwer\\open server 5.2.9\\ospanel\\modules\\conemu\\ConEmu;w:\\modules\\php\\PHP-7.2-x64\\ext;w:\\modules\\php\\PHP-7.2-x64\\pear;w:\\modules\\php\\PHP-7.2-x64\\pear\\bin;w:\\modules\\php\\PHP-7.2-x64;w:\\modules\\imagemagick;w:\\modules\\wget\\bin;w:\\modules\\git;w:\\modules\\git\\bin;w:\\modules\\git\\mingw\\bin;w:\\modules\\git\\cmd;w:\\modules\\database\\MySQL-5.6\\bin;w:\\modules\\http\\Apache-PHP-7-x64\\bin;w:\\modules\\http\\Apache-PHP-7-x64;C:\\Windows\\system32;C:\\Windows;C:\\Windows\\system32\\Wbem;C:\\Windows\\SysWOW64'
    'PATHEXT' => '.COM;.EXE;.BAT;.CMD;.VBS;.VBE;.JS;.JSE;.WSF;.WSH;.MSC'
    'PHPBIN' => 'w:\\modules\\php\\PHP-7.2-x64\\php.exe'
    'PHPDIR' => 'w:\\modules\\php\\PHP-7.2-x64\\'
    'PHPRC' => 'w:\\modules\\php\\PHP-7.2-x64'
    'PHP_BIN' => 'w:\\modules\\php\\PHP-7.2-x64\\php.exe'
    'PHP_BINARY' => 'w:\\modules\\php\\PHP-7.2-x64\\php.exe'
    'PHP_BINDIR' => 'w:\\modules\\php\\PHP-7.2-x64\\'
    'PHP_COMMAND' => 'php.exe'
    'PHP_DIR' => 'w:\\modules\\php\\PHP-7.2-x64\\'
    'PHP_FCGI_MAX_REQUESTS' => '0'
    'PHP_INI' => 'w:\\modules\\php\\PHP-7.2-x64\\php.ini'
    'PHP_PEAR_BIN_DIR' => 'w:\\modules\\php\\PHP-7.2-x64\\PEAR'
    'PHP_PEAR_DATA_DIR' => 'w:\\modules\\php\\PHP-7.2-x64\\PEAR\\data'
    'PHP_PEAR_DOC_DIR' => 'w:\\modules\\php\\PHP-7.2-x64\\PEAR\\docs'
    'PHP_PEAR_INSTALL_DIR' => 'w:\\modules\\php\\PHP-7.2-x64\\PEAR\\pear'
    'PHP_PEAR_PHP_BIN' => 'w:\\modules\\php\\PHP-7.2-x64\\php.exe'
    'PHP_PEAR_SYSCONF_DIR' => 'w:\\modules\\php\\PHP-7.2-x64\\PEAR'
    'PHP_PEAR_TEST_DIR' => 'w:\\modules\\php\\PHP-7.2-x64\\PEAR\\tests'
    'PLINK_PROTOCOL' => 'ssh'
    'PROCESSOR_ARCHITECTURE' => 'AMD64'
    'PROCESSOR_IDENTIFIER' => 'Intel64 Family 6 Model 94 Stepping 3, GenuineIntel'
    'PROCESSOR_LEVEL' => '6'
    'PROCESSOR_REVISION' => '5e03'
    'ProgramData' => 'C:\\ProgramData'
    'ProgramFiles' => 'C:\\Program Files'
    'ProgramFiles(x86)' => 'C:\\Program Files (x86)'
    'ProgramW6432' => 'C:\\Program Files'
    'PROMPT' => '$P$G'
    'PSModulePath' => 'C:\\Program Files\\WindowsPowerShell\\Modules;C:\\Windows\\system32\\WindowsPowerShell\\v1.0\\Modules;E:\\Program Files (x86)\\Microsoft SQL Server\\120\\Tools\\PowerShell\\Modules\\;E:\\Program Files (x86)\\Microsoft SQL Server\\130\\Tools\\PowerShell\\Modules\\'
    'PUBLIC' => 'C:\\Users\\Public'
    'SESSIONNAME' => 'Console'
    'SystemDrive' => 'C:'
    'SystemRoot' => 'C:\\Windows'
    'TEMP' => 'e:\\документы\\программы\\openserwer\\open server 5.2.9\\ospanel\\userdata\\temp'
    'TERM' => 'msys'
    'TMP' => 'e:\\документы\\программы\\openserwer\\open server 5.2.9\\ospanel\\userdata\\temp'
    'USERDOMAIN' => 'MACHINE-VOIV7EH'
    'USERDOMAIN_ROAMINGPROFILE' => 'MACHINE-VOIV7EH'
    'USERNAME' => 'triest'
    'USERPROFILE' => 'C:\\Users\\triest'
    'VBOX_MSI_INSTALL_PATH' => 'E:\\VirtualBox\\'
    'VS100COMNTOOLS' => 'e:\\Program Files (x86)\\VisualStudio2010\\Common7\\Tools\\'
    'VS140COMNTOOLS' => 'E:\\Program Files (x86)\\visual studio\\Common7\\Tools\\'
    'VSSDK140Install' => 'E:\\Program Files (x86)\\visual studio\\VSSDK\\'
    'windir' => 'C:\\Windows'
    'YII_PATH' => 'w:\\domains\\Insigne\\yii-application\\'
    'PHP_SELF' => 'w:\\domains\\Insigne\\yii-application\\yii'
    'SCRIPT_NAME' => 'w:\\domains\\Insigne\\yii-application\\yii'
    'SCRIPT_FILENAME' => 'w:\\domains\\Insigne\\yii-application\\yii'
    'PATH_TRANSLATED' => 'w:\\domains\\Insigne\\yii-application\\yii'
    'DOCUMENT_ROOT' => ''
    'REQUEST_TIME_FLOAT' => 1547934372.9699
    'REQUEST_TIME' => 1547934372
    'argv' => [
        0 => 'w:\\domains\\Insigne\\yii-application\\yii'
        1 => 'migrate/create'
        2 => 'add_date_end_subscription_add+end_date'
    ]
    'argc' => 3
]
2019-01-20 00:54:15 [-][-][-][error][yii\db\Exception] PDOException: SQLSTATE[42S01]: Base table or view already exists: 1050 Table 'subscription' already exists in W:\domains\Insigne\yii-application\vendor\yiisoft\yii2\db\Command.php:1258
Stack trace:
#0 W:\domains\Insigne\yii-application\vendor\yiisoft\yii2\db\Command.php(1258): PDOStatement->execute()
#1 W:\domains\Insigne\yii-application\vendor\yiisoft\yii2\db\Command.php(1075): yii\db\Command->internalExecute('CREATE TABLE `s...')
#2 W:\domains\Insigne\yii-application\vendor\yiisoft\yii2\db\Migration.php(323): yii\db\Command->execute()
#3 W:\domains\Insigne\yii-application\console\migrations\m190119_201744_subscription.php(17): yii\db\Migration->createTable('subscription', Array)
#4 W:\domains\Insigne\yii-application\vendor\yiisoft\yii2\console\controllers\BaseMigrateController.php(725): m190119_201744_subscription->up()
#5 W:\domains\Insigne\yii-application\vendor\yiisoft\yii2\console\controllers\BaseMigrateController.php(199): yii\console\controllers\BaseMigrateController->migrateUp('m190119_201744_...')
#6 [internal function]: yii\console\controllers\BaseMigrateController->actionUp(0)
#7 W:\domains\Insigne\yii-application\vendor\yiisoft\yii2\base\InlineAction.php(57): call_user_func_array(Array, Array)
#8 W:\domains\Insigne\yii-application\vendor\yiisoft\yii2\base\Controller.php(157): yii\base\InlineAction->runWithParams(Array)
#9 W:\domains\Insigne\yii-application\vendor\yiisoft\yii2\console\Controller.php(148): yii\base\Controller->runAction('', Array)
#10 W:\domains\Insigne\yii-application\vendor\yiisoft\yii2\base\Module.php(528): yii\console\Controller->runAction('', Array)
#11 W:\domains\Insigne\yii-application\vendor\yiisoft\yii2\console\Application.php(180): yii\base\Module->runAction('migrate', Array)
#12 W:\domains\Insigne\yii-application\vendor\yiisoft\yii2\console\Application.php(147): yii\console\Application->runAction('migrate', Array)
#13 W:\domains\Insigne\yii-application\vendor\yiisoft\yii2\base\Application.php(386): yii\console\Application->handleRequest(Object(yii\console\Request))
#14 W:\domains\Insigne\yii-application\yii(23): yii\base\Application->run()
#15 {main}

Next yii\db\Exception: SQLSTATE[42S01]: Base table or view already exists: 1050 Table 'subscription' already exists
The SQL being executed was: CREATE TABLE `subscription` (
	`id` int(11) NOT NULL AUTO_INCREMENT PRIMARY KEY,
	`name` varchar(255)
) in W:\domains\Insigne\yii-application\vendor\yiisoft\yii2\db\Schema.php:664
Stack trace:
#0 W:\domains\Insigne\yii-application\vendor\yiisoft\yii2\db\Command.php(1263): yii\db\Schema->convertException(Object(PDOException), 'CREATE TABLE `s...')
#1 W:\domains\Insigne\yii-application\vendor\yiisoft\yii2\db\Command.php(1075): yii\db\Command->internalExecute('CREATE TABLE `s...')
#2 W:\domains\Insigne\yii-application\vendor\yiisoft\yii2\db\Migration.php(323): yii\db\Command->execute()
#3 W:\domains\Insigne\yii-application\console\migrations\m190119_201744_subscription.php(17): yii\db\Migration->createTable('subscription', Array)
#4 W:\domains\Insigne\yii-application\vendor\yiisoft\yii2\console\controllers\BaseMigrateController.php(725): m190119_201744_subscription->up()
#5 W:\domains\Insigne\yii-application\vendor\yiisoft\yii2\console\controllers\BaseMigrateController.php(199): yii\console\controllers\BaseMigrateController->migrateUp('m190119_201744_...')
#6 [internal function]: yii\console\controllers\BaseMigrateController->actionUp(0)
#7 W:\domains\Insigne\yii-application\vendor\yiisoft\yii2\base\InlineAction.php(57): call_user_func_array(Array, Array)
#8 W:\domains\Insigne\yii-application\vendor\yiisoft\yii2\base\Controller.php(157): yii\base\InlineAction->runWithParams(Array)
#9 W:\domains\Insigne\yii-application\vendor\yiisoft\yii2\console\Controller.php(148): yii\base\Controller->runAction('', Array)
#10 W:\domains\Insigne\yii-application\vendor\yiisoft\yii2\base\Module.php(528): yii\console\Controller->runAction('', Array)
#11 W:\domains\Insigne\yii-application\vendor\yiisoft\yii2\console\Application.php(180): yii\base\Module->runAction('migrate', Array)
#12 W:\domains\Insigne\yii-application\vendor\yiisoft\yii2\console\Application.php(147): yii\console\Application->runAction('migrate', Array)
#13 W:\domains\Insigne\yii-application\vendor\yiisoft\yii2\base\Application.php(386): yii\console\Application->handleRequest(Object(yii\console\Request))
#14 W:\domains\Insigne\yii-application\yii(23): yii\base\Application->run()
#15 {main}
Additional Information:
Array
(
    [0] => 42S01
    [1] => 1050
    [2] => Table 'subscription' already exists
)

2019-01-20 00:54:13 [-][-][-][info][application] $_GET = []

$_POST = []

$_FILES = []

$_COOKIE = []

$_SERVER = [
    'ALLUSERSPROFILE' => 'C:\\ProgramData'
    'ANSICON' => '239x1000 (239x30)'
    'ANSICON_DEF' => '7'
    'APPDATA' => 'C:\\Users\\triest\\AppData\\Roaming'
    'ChocolateyInstall' => 'C:\\ProgramData\\chocolatey'
    'ChocolateyLastPathUpdate' => 'Вт янв 10 21:12:40 2017'
    'CommonProgramFiles' => 'C:\\Program Files\\Common Files'
    'CommonProgramFiles(x86)' => 'C:\\Program Files (x86)\\Common Files'
    'CommonProgramW6432' => 'C:\\Program Files\\Common Files'
    'COMPUTERNAME' => 'MACHINE-VOIV7EH'
    'ComSpec' => 'C:\\Windows\\system32\\cmd.exe'
    'ConEmuANSI' => 'ON'
    'ConEmuAnsiLog' => ''
    'ConEmuArgs' => '/Single'
    'ConEmuArgs2' => ''
    'ConEmuBackHWND' => '0x000316E0'
    'ConEmuBaseDir' => 'E:\\документы\\программы\\openserwer\\open server 5.2.9\\ospanel\\modules\\conemu\\ConEmu'
    'ConEmuBuild' => '161206'
    'ConEmuConfig' => ''
    'ConEmuDir' => 'E:\\документы\\программы\\openserwer\\open server 5.2.9\\ospanel\\modules\\conemu'
    'ConEmuDrawHWND' => '0x000216C2'
    'ConEmuDrive' => 'E:'
    'ConEmuHooks' => 'Enabled'
    'ConEmuHWND' => '0x00061698'
    'ConEmuPalette' => '<ConEmu>'
    'ConEmuPID' => '4340'
    'ConEmuServerPID' => '1736'
    'ConEmuWorkDir' => 'w:\\'
    'ConEmuWorkDrive' => 'w:'
    'CUBRID' => 'E:\\CUBRID\\'
    'CUBRID_DATABASES' => 'E:\\CUBRID\\databases'
    'DART_SDK' => 'E:\\Program Files\\Dart\\dart-sdk'
    'ESET_OPTIONS' => '                                                                                                                                                                                                                                                                                                                                                                                                                                                                                                                               '
    'FPS_BROWSER_APP_PROFILE_STRING' => 'Internet Explorer'
    'FPS_BROWSER_USER_PROFILE_STRING' => 'Default'
    'FSHARPINSTALLDIR' => 'C:\\Program Files (x86)\\Microsoft SDKs\\F#\\4.1\\Framework\\v4.0\\'
    'HOME' => 'w:\\'
    'HOMEDRIVE' => 'w:'
    'HOMEPATH' => '\\'
    'LOCALAPPDATA' => 'C:\\Users\\triest\\AppData\\Local'
    'LOGONSERVER' => '\\\\MACHINE-VOIV7EH'
    'MAGICK_CODER_FILTER_PATH' => 'w:\\modules\\imagemagick\\modules\\filters'
    'MAGICK_CODER_MODULE_PATH' => 'w:\\modules\\imagemagick\\modules\\coders'
    'MAGICK_CONFIGURE_PATH' => 'w:\\modules\\imagemagick'
    'MAGICK_HOME' => 'w:\\modules\\imagemagick'
    'MAGICK_TEMPORARY_PATH' => 'w:\\userdata\\temp'
    'MEmuHyperv_Path' => 'E:\\Program Files\\memu2\\MEmuHyperv'
    'MEmu_Path' => 'E:\\Program Files\\memu2'
    'MSMPI_BIN' => 'C:\\Program Files\\Microsoft MPI\\Bin\\'
    'NUMBER_OF_PROCESSORS' => '4'
    'OPENSSL_CONF' => 'w:\\modules\\http\\Apache-PHP-7-x64\\conf\\openssl.cnf'
    'OS' => 'Windows_NT'
    'Path' => 'E:\\документы\\программы\\openserwer\\open server 5.2.9\\ospanel\\modules\\conemu\\ConEmu\\Scripts;E:\\документы\\программы\\openserwer\\open server 5.2.9\\ospanel\\modules\\conemu;E:\\документы\\программы\\openserwer\\open server 5.2.9\\ospanel\\modules\\conemu\\ConEmu;w:\\modules\\php\\PHP-7.2-x64\\ext;w:\\modules\\php\\PHP-7.2-x64\\pear;w:\\modules\\php\\PHP-7.2-x64\\pear\\bin;w:\\modules\\php\\PHP-7.2-x64;w:\\modules\\imagemagick;w:\\modules\\wget\\bin;w:\\modules\\git;w:\\modules\\git\\bin;w:\\modules\\git\\mingw\\bin;w:\\modules\\git\\cmd;w:\\modules\\database\\MySQL-5.6\\bin;w:\\modules\\http\\Apache-PHP-7-x64\\bin;w:\\modules\\http\\Apache-PHP-7-x64;C:\\Windows\\system32;C:\\Windows;C:\\Windows\\system32\\Wbem;C:\\Windows\\SysWOW64'
    'PATHEXT' => '.COM;.EXE;.BAT;.CMD;.VBS;.VBE;.JS;.JSE;.WSF;.WSH;.MSC'
    'PHPBIN' => 'w:\\modules\\php\\PHP-7.2-x64\\php.exe'
    'PHPDIR' => 'w:\\modules\\php\\PHP-7.2-x64\\'
    'PHPRC' => 'w:\\modules\\php\\PHP-7.2-x64'
    'PHP_BIN' => 'w:\\modules\\php\\PHP-7.2-x64\\php.exe'
    'PHP_BINARY' => 'w:\\modules\\php\\PHP-7.2-x64\\php.exe'
    'PHP_BINDIR' => 'w:\\modules\\php\\PHP-7.2-x64\\'
    'PHP_COMMAND' => 'php.exe'
    'PHP_DIR' => 'w:\\modules\\php\\PHP-7.2-x64\\'
    'PHP_FCGI_MAX_REQUESTS' => '0'
    'PHP_INI' => 'w:\\modules\\php\\PHP-7.2-x64\\php.ini'
    'PHP_PEAR_BIN_DIR' => 'w:\\modules\\php\\PHP-7.2-x64\\PEAR'
    'PHP_PEAR_DATA_DIR' => 'w:\\modules\\php\\PHP-7.2-x64\\PEAR\\data'
    'PHP_PEAR_DOC_DIR' => 'w:\\modules\\php\\PHP-7.2-x64\\PEAR\\docs'
    'PHP_PEAR_INSTALL_DIR' => 'w:\\modules\\php\\PHP-7.2-x64\\PEAR\\pear'
    'PHP_PEAR_PHP_BIN' => 'w:\\modules\\php\\PHP-7.2-x64\\php.exe'
    'PHP_PEAR_SYSCONF_DIR' => 'w:\\modules\\php\\PHP-7.2-x64\\PEAR'
    'PHP_PEAR_TEST_DIR' => 'w:\\modules\\php\\PHP-7.2-x64\\PEAR\\tests'
    'PLINK_PROTOCOL' => 'ssh'
    'PROCESSOR_ARCHITECTURE' => 'AMD64'
    'PROCESSOR_IDENTIFIER' => 'Intel64 Family 6 Model 94 Stepping 3, GenuineIntel'
    'PROCESSOR_LEVEL' => '6'
    'PROCESSOR_REVISION' => '5e03'
    'ProgramData' => 'C:\\ProgramData'
    'ProgramFiles' => 'C:\\Program Files'
    'ProgramFiles(x86)' => 'C:\\Program Files (x86)'
    'ProgramW6432' => 'C:\\Program Files'
    'PROMPT' => '$P$G'
    'PSModulePath' => 'C:\\Program Files\\WindowsPowerShell\\Modules;C:\\Windows\\system32\\WindowsPowerShell\\v1.0\\Modules;E:\\Program Files (x86)\\Microsoft SQL Server\\120\\Tools\\PowerShell\\Modules\\;E:\\Program Files (x86)\\Microsoft SQL Server\\130\\Tools\\PowerShell\\Modules\\'
    'PUBLIC' => 'C:\\Users\\Public'
    'SESSIONNAME' => 'Console'
    'SystemDrive' => 'C:'
    'SystemRoot' => 'C:\\Windows'
    'TEMP' => 'e:\\документы\\программы\\openserwer\\open server 5.2.9\\ospanel\\userdata\\temp'
    'TERM' => 'msys'
    'TMP' => 'e:\\документы\\программы\\openserwer\\open server 5.2.9\\ospanel\\userdata\\temp'
    'USERDOMAIN' => 'MACHINE-VOIV7EH'
    'USERDOMAIN_ROAMINGPROFILE' => 'MACHINE-VOIV7EH'
    'USERNAME' => 'triest'
    'USERPROFILE' => 'C:\\Users\\triest'
    'VBOX_MSI_INSTALL_PATH' => 'E:\\VirtualBox\\'
    'VS100COMNTOOLS' => 'e:\\Program Files (x86)\\VisualStudio2010\\Common7\\Tools\\'
    'VS140COMNTOOLS' => 'E:\\Program Files (x86)\\visual studio\\Common7\\Tools\\'
    'VSSDK140Install' => 'E:\\Program Files (x86)\\visual studio\\VSSDK\\'
    'windir' => 'C:\\Windows'
    'YII_PATH' => 'w:\\domains\\Insigne\\yii-application\\'
    'PHP_SELF' => 'w:\\domains\\Insigne\\yii-application\\yii'
    'SCRIPT_NAME' => 'w:\\domains\\Insigne\\yii-application\\yii'
    'SCRIPT_FILENAME' => 'w:\\domains\\Insigne\\yii-application\\yii'
    'PATH_TRANSLATED' => 'w:\\domains\\Insigne\\yii-application\\yii'
    'DOCUMENT_ROOT' => ''
    'REQUEST_TIME_FLOAT' => 1547934853.1018
    'REQUEST_TIME' => 1547934853
    'argv' => [
        0 => 'w:\\domains\\Insigne\\yii-application\\yii'
        1 => 'migrate'
    ]
    'argc' => 2
]
